<?xml version="1.0" encoding="UTF-8"?>
<!-- Generated by org.testng.reporters.JUnitXMLReporter -->
<testsuite hostname="MacBook-Air-Vlada.local" name="myTests" tests="7" failures="0" timestamp="10 Aug 2020 13:05:42 GMT" time="133.909" errors="0">
  <testcase name="addToWishList" time="19.762" classname="testcases.MyTests"/>
  <testcase name="checkItemsCounter" time="6.906" classname="testcases.MyTests"/>
  <testcase name="checkShowSelect" time="9.357" classname="testcases.MyTests"/>
  <testcase name="priceFilter" time="12.292" classname="testcases.MyTests"/>
  <testcase name="sale" time="5.521" classname="testcases.MyTests"/>
  <testcase name="shoppingCart" time="21.615" classname="testcases.MyTests"/>
  <testcase name="sortBy" time="13.317" classname="testcases.MyTests"/>
</testsuite> <!-- myTests -->
