<?xml version="1.0" encoding="UTF-8"?>
<testsuite xmlns:xsi="http://www.w3.org/2001/XMLSchema-instance" xsi:noNamespaceSchemaLocation="https://maven.apache.org/surefire/maven-surefire-plugin/xsd/surefire-test-report.xsd" name="TestSuite" time="135.608" tests="7" errors="0" skipped="0" failures="0">
  <properties>
[...]
</properties>
  <testcase name="addToWishList" classname="testcases.MyTests" time="19.763"/>
  <testcase name="checkItemsCounter" classname="testcases.MyTests" time="6.906"/>
  <testcase name="checkShowSelect" classname="testcases.MyTests" time="9.359"/>
  <testcase name="priceFilter" classname="testcases.MyTests" time="12.293"/>
  <testcase name="sale" classname="testcases.MyTests" time="5.522"/>
  <testcase name="shoppingCart" classname="testcases.MyTests" time="21.616"/>
  <testcase name="sortBy" classname="testcases.MyTests" time="13.318"/>
</testsuite>