<?xml version="1.0" encoding="UTF-8"?>
<testng-results skipped="0" failed="0" total="7" passed="7">
  <reporter-output>
  </reporter-output>
  <suite name="TestSuite" duration-ms="133909" started-at="2020-08-10T13:03:28Z" finished-at="2020-08-10T13:05:42Z">
    <groups>
    </groups>
    <test name="myTests" duration-ms="133909" started-at="2020-08-10T13:03:28Z" finished-at="2020-08-10T13:05:42Z">
      <class name="testcases.MyTests">
        <test-method status="PASS" signature="navigate()[pri:0, instance:testcases.MyTests@3b7ff809]" name="navigate" is-config="true" duration-ms="11161" started-at="2020-08-10T16:03:28Z" finished-at="2020-08-10T16:03:39Z">
          <reporter-output>
          </reporter-output>
        </test-method> <!-- navigate -->
        <test-method status="PASS" signature="addToWishList()[pri:0, instance:testcases.MyTests@3b7ff809]" name="addToWishList" duration-ms="19762" started-at="2020-08-10T16:03:39Z" finished-at="2020-08-10T16:03:59Z">
          <reporter-output>
          </reporter-output>
        </test-method> <!-- addToWishList -->
        <test-method status="PASS" signature="tearDown(org.testng.ITestResult)[pri:0, instance:testcases.MyTests@3b7ff809]" name="tearDown" is-config="true" duration-ms="309" started-at="2020-08-10T16:03:59Z" finished-at="2020-08-10T16:03:59Z">
          <params>
            <param index="0">
              <value>
                <![CDATA[[TestResult name=addToWishList status=SUCCESS method=MyTests.addToWishList()[pri:0, instance:testcases.MyTests@3b7ff809] output={null}]]]>
              </value>
            </param>
          </params>
          <reporter-output>
          </reporter-output>
        </test-method> <!-- tearDown -->
        <test-method status="PASS" signature="navigate()[pri:0, instance:testcases.MyTests@3b7ff809]" name="navigate" is-config="true" duration-ms="6170" started-at="2020-08-10T16:03:59Z" finished-at="2020-08-10T16:04:06Z">
          <reporter-output>
          </reporter-output>
        </test-method> <!-- navigate -->
        <test-method status="PASS" signature="checkItemsCounter()[pri:0, instance:testcases.MyTests@3b7ff809]" name="checkItemsCounter" duration-ms="6906" started-at="2020-08-10T16:04:06Z" finished-at="2020-08-10T16:04:12Z">
          <reporter-output>
          </reporter-output>
        </test-method> <!-- checkItemsCounter -->
        <test-method status="PASS" signature="tearDown(org.testng.ITestResult)[pri:0, instance:testcases.MyTests@3b7ff809]" name="tearDown" is-config="true" duration-ms="295" started-at="2020-08-10T16:04:12Z" finished-at="2020-08-10T16:04:13Z">
          <params>
            <param index="0">
              <value>
                <![CDATA[[TestResult name=checkItemsCounter status=SUCCESS method=MyTests.checkItemsCounter()[pri:0, instance:testcases.MyTests@3b7ff809] output={null}]]]>
              </value>
            </param>
          </params>
          <reporter-output>
          </reporter-output>
        </test-method> <!-- tearDown -->
        <test-method status="PASS" signature="navigate()[pri:0, instance:testcases.MyTests@3b7ff809]" name="navigate" is-config="true" duration-ms="5142" started-at="2020-08-10T16:04:13Z" finished-at="2020-08-10T16:04:18Z">
          <reporter-output>
          </reporter-output>
        </test-method> <!-- navigate -->
        <test-method status="PASS" signature="checkShowSelect()[pri:0, instance:testcases.MyTests@3b7ff809]" name="checkShowSelect" duration-ms="9357" started-at="2020-08-10T16:04:18Z" finished-at="2020-08-10T16:04:27Z">
          <reporter-output>
          </reporter-output>
        </test-method> <!-- checkShowSelect -->
        <test-method status="PASS" signature="tearDown(org.testng.ITestResult)[pri:0, instance:testcases.MyTests@3b7ff809]" name="tearDown" is-config="true" duration-ms="347" started-at="2020-08-10T16:04:27Z" finished-at="2020-08-10T16:04:28Z">
          <params>
            <param index="0">
              <value>
                <![CDATA[[TestResult name=checkShowSelect status=SUCCESS method=MyTests.checkShowSelect()[pri:0, instance:testcases.MyTests@3b7ff809] output={null}]]]>
              </value>
            </param>
          </params>
          <reporter-output>
          </reporter-output>
        </test-method> <!-- tearDown -->
        <test-method status="PASS" signature="navigate()[pri:0, instance:testcases.MyTests@3b7ff809]" name="navigate" is-config="true" duration-ms="5174" started-at="2020-08-10T16:04:28Z" finished-at="2020-08-10T16:04:33Z">
          <reporter-output>
          </reporter-output>
        </test-method> <!-- navigate -->
        <test-method status="PASS" signature="priceFilter()[pri:0, instance:testcases.MyTests@3b7ff809]" name="priceFilter" duration-ms="12292" started-at="2020-08-10T16:04:33Z" finished-at="2020-08-10T16:04:45Z">
          <reporter-output>
          </reporter-output>
        </test-method> <!-- priceFilter -->
        <test-method status="PASS" signature="tearDown(org.testng.ITestResult)[pri:0, instance:testcases.MyTests@3b7ff809]" name="tearDown" is-config="true" duration-ms="259" started-at="2020-08-10T16:04:45Z" finished-at="2020-08-10T16:04:45Z">
          <params>
            <param index="0">
              <value>
                <![CDATA[[TestResult name=priceFilter status=SUCCESS method=MyTests.priceFilter()[pri:0, instance:testcases.MyTests@3b7ff809] output={null}]]]>
              </value>
            </param>
          </params>
          <reporter-output>
          </reporter-output>
        </test-method> <!-- tearDown -->
        <test-method status="PASS" signature="navigate()[pri:0, instance:testcases.MyTests@3b7ff809]" name="navigate" is-config="true" duration-ms="4917" started-at="2020-08-10T16:04:45Z" finished-at="2020-08-10T16:04:50Z">
          <reporter-output>
          </reporter-output>
        </test-method> <!-- navigate -->
        <test-method status="PASS" signature="sale()[pri:0, instance:testcases.MyTests@3b7ff809]" name="sale" duration-ms="5521" started-at="2020-08-10T16:04:50Z" finished-at="2020-08-10T16:04:56Z">
          <reporter-output>
          </reporter-output>
        </test-method> <!-- sale -->
        <test-method status="PASS" signature="tearDown(org.testng.ITestResult)[pri:0, instance:testcases.MyTests@3b7ff809]" name="tearDown" is-config="true" duration-ms="262" started-at="2020-08-10T16:04:56Z" finished-at="2020-08-10T16:04:56Z">
          <params>
            <param index="0">
              <value>
                <![CDATA[[TestResult name=sale status=SUCCESS method=MyTests.sale()[pri:0, instance:testcases.MyTests@3b7ff809] output={null}]]]>
              </value>
            </param>
          </params>
          <reporter-output>
          </reporter-output>
        </test-method> <!-- tearDown -->
        <test-method status="PASS" signature="navigate()[pri:0, instance:testcases.MyTests@3b7ff809]" name="navigate" is-config="true" duration-ms="4786" started-at="2020-08-10T16:04:56Z" finished-at="2020-08-10T16:05:01Z">
          <reporter-output>
          </reporter-output>
        </test-method> <!-- navigate -->
        <test-method status="PASS" signature="shoppingCart()[pri:0, instance:testcases.MyTests@3b7ff809]" name="shoppingCart" duration-ms="21615" started-at="2020-08-10T16:05:01Z" finished-at="2020-08-10T16:05:22Z">
          <reporter-output>
          </reporter-output>
        </test-method> <!-- shoppingCart -->
        <test-method status="PASS" signature="tearDown(org.testng.ITestResult)[pri:0, instance:testcases.MyTests@3b7ff809]" name="tearDown" is-config="true" duration-ms="230" started-at="2020-08-10T16:05:22Z" finished-at="2020-08-10T16:05:23Z">
          <params>
            <param index="0">
              <value>
                <![CDATA[[TestResult name=shoppingCart status=SUCCESS method=MyTests.shoppingCart()[pri:0, instance:testcases.MyTests@3b7ff809] output={null}]]]>
              </value>
            </param>
          </params>
          <reporter-output>
          </reporter-output>
        </test-method> <!-- tearDown -->
        <test-method status="PASS" signature="navigate()[pri:0, instance:testcases.MyTests@3b7ff809]" name="navigate" is-config="true" duration-ms="5740" started-at="2020-08-10T16:05:23Z" finished-at="2020-08-10T16:05:28Z">
          <reporter-output>
          </reporter-output>
        </test-method> <!-- navigate -->
        <test-method status="PASS" signature="sortBy()[pri:0, instance:testcases.MyTests@3b7ff809]" name="sortBy" duration-ms="13317" started-at="2020-08-10T16:05:28Z" finished-at="2020-08-10T16:05:42Z">
          <reporter-output>
          </reporter-output>
        </test-method> <!-- sortBy -->
        <test-method status="PASS" signature="tearDown(org.testng.ITestResult)[pri:0, instance:testcases.MyTests@3b7ff809]" name="tearDown" is-config="true" duration-ms="273" started-at="2020-08-10T16:05:42Z" finished-at="2020-08-10T16:05:42Z">
          <params>
            <param index="0">
              <value>
                <![CDATA[[TestResult name=sortBy status=SUCCESS method=MyTests.sortBy()[pri:0, instance:testcases.MyTests@3b7ff809] output={null}]]]>
              </value>
            </param>
          </params>
          <reporter-output>
          </reporter-output>
        </test-method> <!-- tearDown -->
      </class> <!-- testcases.MyTests -->
    </test> <!-- myTests -->
  </suite> <!-- TestSuite -->
</testng-results>
